<?xml version="1.0" encoding="UTF-8"?>
<!-- Generated by org.testng.reporters.JUnitReportReporter -->
<testsuite hostname="W1182K0BK3" failures="0" tests="2" name="com.mycompany.app.AppTest" time="0.000" errors="0" timestamp="2023-12-13T05:54:51 IST" skipped="0">
  <testcase classname="com.mycompany.app.AppTest" name="additionTest" time="0.000"/>
  <system-out/>
  <testcase classname="com.mycompany.app.AppTest" name="additionSubTest" time="0.000"/>
  <system-out/>
</testsuite> <!-- com.mycompany.app.AppTest -->
