<?xml version="1.0" encoding="UTF-8"?>
<!-- Generated by org.testng.reporters.JUnitReportReporter -->
<testsuite hostname="W1182K0BK3" failures="0" tests="4" name="com.mycompany.app.AppTest" time="0.005" errors="0" timestamp="2023-12-13T06:17:58 IST" skipped="0">
  <testcase classname="com.mycompany.app.AppTest" name="testSub" time="0.000"/>
  <system-out/>
  <testcase classname="com.mycompany.app.AppTest" name="testMul" time="0.000"/>
  <system-out/>
  <testcase classname="com.mycompany.app.AppTest" name="testAdd" time="0.005"/>
  <system-out/>
  <testcase classname="com.mycompany.app.AppTest" name="testDiv" time="0.000"/>
  <system-out/>
</testsuite> <!-- com.mycompany.app.AppTest -->
